<!DOCTYPE html>

<html>
  <head>
  <meta charset='utf-8'>
  <title>TestNG reports</title>

    <link type="text/css" href="testng-reports1.css" rel="stylesheet" id="ultra" />
    <link type="text/css" href="testng-reports.css" rel="stylesheet" id="retro" disabled="false"/>
    <script type="text/javascript" src="jquery-3.6.0.min.js"></script>
    <script type="text/javascript" src="testng-reports.js"></script>
    <script type="text/javascript" src="https://www.google.com/jsapi"></script>
    <script type='text/javascript'>
      google.load('visualization', '1', {packages:['table']});
      google.setOnLoadCallback(drawTable);
      var suiteTableInitFunctions = new Array();
      var suiteTableData = new Array();
    </script>
    <!--
      <script type="text/javascript" src="jquery-ui/js/jquery-ui-1.8.16.custom.min.js"></script>
     -->
  </head>

  <body>    <div class="top-banner-root">
      <span class="top-banner-title-font">Test results</span>
      <button id="button" class="button">Switch Retro Theme</button> <!-- button -->
      <br/>
      <span class="top-banner-font-1">1 suite, 4 failed tests</span>
    </div> <!-- top-banner-root -->
    <div class="navigator-root">
      <div class="navigator-suite-header">
        <span>All suites</span>
        <a href="#" title="Collapse/expand all the suites" class="collapse-all-link">
          <img src="collapseall.gif" class="collapse-all-icon">
          </img> <!-- collapse-all-icon -->
        </a> <!-- collapse-all-link -->
      </div> <!-- navigator-suite-header -->
      <div class="suite">
        <div class="rounded-window">
          <div class="suite-header light-rounded-window-top">
            <a href="#" panel-name="suite-Default_suite" class="navigator-link">
              <span class="suite-name border-failed">Default suite</span>
            </a> <!-- navigator-link -->
          </div> <!-- suite-header light-rounded-window-top -->
          <div class="navigator-suite-content">
            <div class="suite-section-title">
              <span>Info</span>
            </div> <!-- suite-section-title -->
            <div class="suite-section-content">
              <ul>
                <li>
                  <a href="#" panel-name="test-xml-Default_suite" class="navigator-link ">
                    <span>C:\Users\Yashsh\AppData\Local\Temp\testng-eclipse--164872617\testng-customsuite.xml</span>
                  </a> <!-- navigator-link  -->
                </li>
                <li>
                  <a href="#" panel-name="testlist-Default_suite" class="navigator-link ">
                    <span class="test-stats">1 test</span>
                  </a> <!-- navigator-link  -->
                </li>
                <li>
                  <a href="#" panel-name="group-Default_suite" class="navigator-link ">
                    <span>0 groups</span>
                  </a> <!-- navigator-link  -->
                </li>
                <li>
                  <a href="#" panel-name="times-Default_suite" class="navigator-link ">
                    <span>Times</span>
                  </a> <!-- navigator-link  -->
                </li>
                <li>
                  <a href="#" panel-name="reporter-Default_suite" class="navigator-link ">
                    <span>Reporter output</span>
                  </a> <!-- navigator-link  -->
                </li>
                <li>
                  <a href="#" panel-name="ignored-methods-Default_suite" class="navigator-link ">
                    <span>Ignored methods</span>
                  </a> <!-- navigator-link  -->
                </li>
                <li>
                  <a href="#" panel-name="chronological-Default_suite" class="navigator-link ">
                    <span>Chronological view</span>
                  </a> <!-- navigator-link  -->
                </li>
              </ul>
            </div> <!-- suite-section-content -->
            <div class="result-section">
              <div class="suite-section-title">
                <span>Results</span>
              </div> <!-- suite-section-title -->
              <div class="suite-section-content">
                <ul>
                  <li>
                    <span class="method-stats">5 methods, 4 failed,   1 passed</span>
                  </li>
                  <li>
                    <span class="method-list-title failed">Failed methods</span>
                    <span class="show-or-hide-methods failed">
                      <a href="#" panel-name="suite-Default_suite" class="hide-methods failed suite-Default_suite"> (hide)</a> <!-- hide-methods failed suite-Default_suite -->
                      <a href="#" panel-name="suite-Default_suite" class="show-methods failed suite-Default_suite"> (show)</a> <!-- show-methods failed suite-Default_suite -->
                    </span>
                    <div class="method-list-content failed suite-Default_suite">
                      <span>
                        <img src="failed.png" width="3%"/>
                        <a href="#" panel-name="suite-Default_suite" title="aegis.TestScripts.creating_new_organisation_with_basic_package_Tests" class="method navigator-link" hash-for-method="addOrganisation">addOrganisation</a> <!-- method navigator-link -->
                      </span>
                      <br/>
                      <span>
                        <img src="failed.png" width="3%"/>
                        <a href="#" panel-name="suite-Default_suite" title="aegis.TestScripts.create_new_survey_in_employee_survey_Tests" class="method navigator-link" hash-for-method="createNewSurvey">createNewSurvey</a> <!-- method navigator-link -->
                      </span>
                      <br/>
                      <span>
                        <img src="failed.png" width="3%"/>
                        <a href="#" panel-name="suite-Default_suite" title="aegis.TestScripts.edit_organisation_from_organisation_list_Tests" class="method navigator-link" hash-for-method="editOrganisationDetails">editOrganisationDetails</a> <!-- method navigator-link -->
                      </span>
                      <br/>
                      <span>
                        <img src="failed.png" width="3%"/>
                        <a href="#" panel-name="suite-Default_suite" title="aegis.TestScripts.creates_salary_management_submit_salary_management_Tests" class="method navigator-link" hash-for-method="salaryManagement">salaryManagement</a> <!-- method navigator-link -->
                      </span>
                      <br/>
                    </div> <!-- method-list-content failed suite-Default_suite -->
                  </li>
                  <li>
                    <span class="method-list-title passed">Passed methods</span>
                    <span class="show-or-hide-methods passed">
                      <a href="#" panel-name="suite-Default_suite" class="hide-methods passed suite-Default_suite"> (hide)</a> <!-- hide-methods passed suite-Default_suite -->
                      <a href="#" panel-name="suite-Default_suite" class="show-methods passed suite-Default_suite"> (show)</a> <!-- show-methods passed suite-Default_suite -->
                    </span>
                    <div class="method-list-content passed suite-Default_suite">
                      <span>
                        <img src="passed.png" width="3%"/>
                        <a href="#" panel-name="suite-Default_suite" title="aegis.TestScripts.user_login_logout_Tests" class="method navigator-link" hash-for-method="loginAndLogout">loginAndLogout</a> <!-- method navigator-link -->
                      </span>
                      <br/>
                    </div> <!-- method-list-content passed suite-Default_suite -->
                  </li>
                </ul>
              </div> <!-- suite-section-content -->
            </div> <!-- result-section -->
          </div> <!-- navigator-suite-content -->
        </div> <!-- rounded-window -->
      </div> <!-- suite -->
    </div> <!-- navigator-root -->
    <div class="wrapper">
      <div class="main-panel-root">
        <div panel-name="suite-Default_suite" class="panel Default_suite">
          <div class="suite-Default_suite-class-failed">
            <div class="main-panel-header rounded-window-top">
              <img src="failed.png"/>
              <span class="class-name">aegis.TestScripts.edit_organisation_from_organisation_list_Tests</span>
            </div> <!-- main-panel-header rounded-window-top -->
            <div class="main-panel-content rounded-window-bottom">
              <div class="method">
                <div class="method-content">
                  <a name="editOrganisationDetails">
                  </a> <!-- editOrganisationDetails -->
                  <span class="method-name">editOrganisationDetails</span>
                  <div class="stack-trace">org.openqa.selenium.NoSuchElementException: no such element: Unable to locate element: {&quot;method&quot;:&quot;xpath&quot;,&quot;selector&quot;:&quot;//button[text()=&apos;Go To Organisation&apos;]&quot;}
  (Session info: chrome=127.0.6533.90)
For documentation on this error, please visit: https://www.selenium.dev/documentation/webdriver/troubleshooting/errors#no-such-element-exception
Build info: version: &apos;4.23.0&apos;, revision: &apos;4df0a231af&apos;
System info: os.name: &apos;Windows 10&apos;, os.arch: &apos;amd64&apos;, os.version: &apos;10.0&apos;, java.version: &apos;17.0.12&apos;
Driver info: org.openqa.selenium.chrome.ChromeDriver
Command: [890ddd279f6a20d9a6b30cae69ae822f, findElement {using=xpath, value=//button[text()=&apos;Go To Organisation&apos;]}]
Capabilities {acceptInsecureCerts: false, browserName: chrome, browserVersion: 127.0.6533.90, chrome: {chromedriverVersion: 127.0.6533.99 (f31af5097d90..., userDataDir: C:\Users\Yashsh\AppData\Loc...}, fedcm:accounts: true, goog:chromeOptions: {debuggerAddress: localhost:63493}, networkConnectionEnabled: false, pageLoadStrategy: normal, platformName: windows, proxy: Proxy(), se:cdp: ws://localhost:63493/devtoo..., se:cdpVersion: 127.0.6533.90, setWindowRect: true, strictFileInteractability: false, timeouts: {implicit: 0, pageLoad: 300000, script: 30000}, unhandledPromptBehavior: dismiss and notify, webauthn:extension:credBlob: true, webauthn:extension:largeBlob: true, webauthn:extension:minPinLength: true, webauthn:extension:prf: true, webauthn:virtualAuthenticators: true}
Session ID: 890ddd279f6a20d9a6b30cae69ae822f
	at java.base/jdk.internal.reflect.NativeConstructorAccessorImpl.newInstance0(Native Method)
	at java.base/jdk.internal.reflect.NativeConstructorAccessorImpl.newInstance(NativeConstructorAccessorImpl.java:77)
	at java.base/jdk.internal.reflect.DelegatingConstructorAccessorImpl.newInstance(DelegatingConstructorAccessorImpl.java:45)
	at java.base/java.lang.reflect.Constructor.newInstanceWithCaller(Constructor.java:499)
	at java.base/java.lang.reflect.Constructor.newInstance(Constructor.java:480)
	at org.openqa.selenium.remote.ErrorCodec.decode(ErrorCodec.java:167)
	at org.openqa.selenium.remote.codec.w3c.W3CHttpResponseCodec.decode(W3CHttpResponseCodec.java:138)
	at org.openqa.selenium.remote.codec.w3c.W3CHttpResponseCodec.decode(W3CHttpResponseCodec.java:50)
	at org.openqa.selenium.remote.HttpCommandExecutor.execute(HttpCommandExecutor.java:190)
	at org.openqa.selenium.remote.service.DriverCommandExecutor.invokeExecute(DriverCommandExecutor.java:216)
	at org.openqa.selenium.remote.service.DriverCommandExecutor.execute(DriverCommandExecutor.java:174)
	at org.openqa.selenium.remote.RemoteWebDriver.execute(RemoteWebDriver.java:527)
	at org.openqa.selenium.remote.ElementLocation$ElementFinder$2.findElement(ElementLocation.java:165)
	at org.openqa.selenium.remote.ElementLocation.findElement(ElementLocation.java:59)
	at org.openqa.selenium.remote.RemoteWebDriver.findElement(RemoteWebDriver.java:357)
	at org.openqa.selenium.remote.RemoteWebDriver.findElement(RemoteWebDriver.java:351)
	at org.openqa.selenium.support.pagefactory.DefaultElementLocator.findElement(DefaultElementLocator.java:68)
	at org.openqa.selenium.support.pagefactory.internal.LocatingElementHandler.invoke(LocatingElementHandler.java:38)
	at jdk.proxy2/jdk.proxy2.$Proxy20.click(Unknown Source)
	at aegis.TestScripts.edit_organisation_from_organisation_list_Tests.editOrganisationDetails(edit_organisation_from_organisation_list_Tests.java:28)
	at java.base/jdk.internal.reflect.NativeMethodAccessorImpl.invoke0(Native Method)
	at java.base/jdk.internal.reflect.NativeMethodAccessorImpl.invoke(NativeMethodAccessorImpl.java:77)
	at java.base/jdk.internal.reflect.DelegatingMethodAccessorImpl.invoke(DelegatingMethodAccessorImpl.java:43)
	at java.base/java.lang.reflect.Method.invoke(Method.java:568)
	at org.testng.internal.invokers.MethodInvocationHelper.invokeMethod(MethodInvocationHelper.java:141)
	at org.testng.internal.invokers.TestInvoker.invokeMethod(TestInvoker.java:686)
	at org.testng.internal.invokers.TestInvoker.invokeTestMethod(TestInvoker.java:230)
	at org.testng.internal.invokers.MethodRunner.runInSequence(MethodRunner.java:63)
	at org.testng.internal.invokers.TestInvoker$MethodInvocationAgent.invoke(TestInvoker.java:992)
	at org.testng.internal.invokers.TestInvoker.invokeTestMethods(TestInvoker.java:203)
	at org.testng.internal.invokers.TestMethodWorker.invokeTestMethods(TestMethodWorker.java:154)
	at org.testng.internal.invokers.TestMethodWorker.run(TestMethodWorker.java:134)
	at java.base/java.util.ArrayList.forEach(ArrayList.java:1511)
	at org.testng.TestRunner.privateRun(TestRunner.java:739)
	at org.testng.TestRunner.run(TestRunner.java:614)
	at org.testng.SuiteRunner.runTest(SuiteRunner.java:421)
	at org.testng.SuiteRunner.runSequentially(SuiteRunner.java:413)
	at org.testng.SuiteRunner.privateRun(SuiteRunner.java:373)
	at org.testng.SuiteRunner.run(SuiteRunner.java:312)
	at org.testng.SuiteRunnerWorker.runSuite(SuiteRunnerWorker.java:52)
	at org.testng.SuiteRunnerWorker.run(SuiteRunnerWorker.java:95)
	at org.testng.TestNG.runSuitesSequentially(TestNG.java:1274)
	at org.testng.TestNG.runSuitesLocally(TestNG.java:1208)
	at org.testng.TestNG.runSuites(TestNG.java:1112)
	at org.testng.TestNG.run(TestNG.java:1079)
	at org.testng.remote.AbstractRemoteTestNG.run(AbstractRemoteTestNG.java:115)
	at org.testng.remote.RemoteTestNG.initAndRun(RemoteTestNG.java:293)
	at org.testng.remote.RemoteTestNG.main(RemoteTestNG.java:91)

</div> <!-- stack-trace -->
                </div> <!-- method-content -->
              </div> <!-- method -->
            </div> <!-- main-panel-content rounded-window-bottom -->
          </div> <!-- suite-Default_suite-class-failed -->
          <div class="suite-Default_suite-class-failed">
            <div class="main-panel-header rounded-window-top">
              <img src="failed.png"/>
              <span class="class-name">aegis.TestScripts.creating_new_organisation_with_basic_package_Tests</span>
            </div> <!-- main-panel-header rounded-window-top -->
            <div class="main-panel-content rounded-window-bottom">
              <div class="method">
                <div class="method-content">
                  <a name="addOrganisation">
                  </a> <!-- addOrganisation -->
                  <span class="method-name">addOrganisation</span>
                  <div class="stack-trace">org.openqa.selenium.NoSuchElementException: no such element: Unable to locate element: {&quot;method&quot;:&quot;xpath&quot;,&quot;selector&quot;:&quot;(//button[text()=&apos;Get Started&apos;])[1]&quot;}
  (Session info: chrome=127.0.6533.90)
For documentation on this error, please visit: https://www.selenium.dev/documentation/webdriver/troubleshooting/errors#no-such-element-exception
Build info: version: &apos;4.23.0&apos;, revision: &apos;4df0a231af&apos;
System info: os.name: &apos;Windows 10&apos;, os.arch: &apos;amd64&apos;, os.version: &apos;10.0&apos;, java.version: &apos;17.0.12&apos;
Driver info: org.openqa.selenium.chrome.ChromeDriver
Command: [23cf9bf0862f6c241a6504a53cf70008, findElement {using=xpath, value=(//button[text()=&apos;Get Started&apos;])[1]}]
Capabilities {acceptInsecureCerts: false, browserName: chrome, browserVersion: 127.0.6533.90, chrome: {chromedriverVersion: 127.0.6533.99 (f31af5097d90..., userDataDir: C:\Users\Yashsh\AppData\Loc...}, fedcm:accounts: true, goog:chromeOptions: {debuggerAddress: localhost:63736}, networkConnectionEnabled: false, pageLoadStrategy: normal, platformName: windows, proxy: Proxy(), se:cdp: ws://localhost:63736/devtoo..., se:cdpVersion: 127.0.6533.90, setWindowRect: true, strictFileInteractability: false, timeouts: {implicit: 0, pageLoad: 300000, script: 30000}, unhandledPromptBehavior: dismiss and notify, webauthn:extension:credBlob: true, webauthn:extension:largeBlob: true, webauthn:extension:minPinLength: true, webauthn:extension:prf: true, webauthn:virtualAuthenticators: true}
Session ID: 23cf9bf0862f6c241a6504a53cf70008
	at java.base/jdk.internal.reflect.NativeConstructorAccessorImpl.newInstance0(Native Method)
	at java.base/jdk.internal.reflect.NativeConstructorAccessorImpl.newInstance(NativeConstructorAccessorImpl.java:77)
	at java.base/jdk.internal.reflect.DelegatingConstructorAccessorImpl.newInstance(DelegatingConstructorAccessorImpl.java:45)
	at java.base/java.lang.reflect.Constructor.newInstanceWithCaller(Constructor.java:499)
	at java.base/java.lang.reflect.Constructor.newInstance(Constructor.java:480)
	at org.openqa.selenium.remote.ErrorCodec.decode(ErrorCodec.java:167)
	at org.openqa.selenium.remote.codec.w3c.W3CHttpResponseCodec.decode(W3CHttpResponseCodec.java:138)
	at org.openqa.selenium.remote.codec.w3c.W3CHttpResponseCodec.decode(W3CHttpResponseCodec.java:50)
	at org.openqa.selenium.remote.HttpCommandExecutor.execute(HttpCommandExecutor.java:190)
	at org.openqa.selenium.remote.service.DriverCommandExecutor.invokeExecute(DriverCommandExecutor.java:216)
	at org.openqa.selenium.remote.service.DriverCommandExecutor.execute(DriverCommandExecutor.java:174)
	at org.openqa.selenium.remote.RemoteWebDriver.execute(RemoteWebDriver.java:527)
	at org.openqa.selenium.remote.ElementLocation$ElementFinder$2.findElement(ElementLocation.java:165)
	at org.openqa.selenium.remote.ElementLocation.findElement(ElementLocation.java:59)
	at org.openqa.selenium.remote.RemoteWebDriver.findElement(RemoteWebDriver.java:357)
	at org.openqa.selenium.remote.RemoteWebDriver.findElement(RemoteWebDriver.java:351)
	at org.openqa.selenium.support.pagefactory.DefaultElementLocator.findElement(DefaultElementLocator.java:68)
	at org.openqa.selenium.support.pagefactory.internal.LocatingElementHandler.invoke(LocatingElementHandler.java:38)
	at jdk.proxy2/jdk.proxy2.$Proxy20.click(Unknown Source)
	at aegis.TestScripts.creating_new_organisation_with_basic_package_Tests.addOrganisation(creating_new_organisation_with_basic_package_Tests.java:47)
	at java.base/jdk.internal.reflect.NativeMethodAccessorImpl.invoke0(Native Method)
	at java.base/jdk.internal.reflect.NativeMethodAccessorImpl.invoke(NativeMethodAccessorImpl.java:77)
	at java.base/jdk.internal.reflect.DelegatingMethodAccessorImpl.invoke(DelegatingMethodAccessorImpl.java:43)
	at java.base/java.lang.reflect.Method.invoke(Method.java:568)
	at org.testng.internal.invokers.MethodInvocationHelper.invokeMethod(MethodInvocationHelper.java:141)
	at org.testng.internal.invokers.TestInvoker.invokeMethod(TestInvoker.java:686)
	at org.testng.internal.invokers.TestInvoker.invokeTestMethod(TestInvoker.java:230)
	at org.testng.internal.invokers.MethodRunner.runInSequence(MethodRunner.java:63)
	at org.testng.internal.invokers.TestInvoker$MethodInvocationAgent.invoke(TestInvoker.java:992)
	at org.testng.internal.invokers.TestInvoker.invokeTestMethods(TestInvoker.java:203)
	at org.testng.internal.invokers.TestMethodWorker.invokeTestMethods(TestMethodWorker.java:154)
	at org.testng.internal.invokers.TestMethodWorker.run(TestMethodWorker.java:134)
	at java.base/java.util.ArrayList.forEach(ArrayList.java:1511)
	at org.testng.TestRunner.privateRun(TestRunner.java:739)
	at org.testng.TestRunner.run(TestRunner.java:614)
	at org.testng.SuiteRunner.runTest(SuiteRunner.java:421)
	at org.testng.SuiteRunner.runSequentially(SuiteRunner.java:413)
	at org.testng.SuiteRunner.privateRun(SuiteRunner.java:373)
	at org.testng.SuiteRunner.run(SuiteRunner.java:312)
	at org.testng.SuiteRunnerWorker.runSuite(SuiteRunnerWorker.java:52)
	at org.testng.SuiteRunnerWorker.run(SuiteRunnerWorker.java:95)
	at org.testng.TestNG.runSuitesSequentially(TestNG.java:1274)
	at org.testng.TestNG.runSuitesLocally(TestNG.java:1208)
	at org.testng.TestNG.runSuites(TestNG.java:1112)
	at org.testng.TestNG.run(TestNG.java:1079)
	at org.testng.remote.AbstractRemoteTestNG.run(AbstractRemoteTestNG.java:115)
	at org.testng.remote.RemoteTestNG.initAndRun(RemoteTestNG.java:293)
	at org.testng.remote.RemoteTestNG.main(RemoteTestNG.java:91)

</div> <!-- stack-trace -->
                </div> <!-- method-content -->
              </div> <!-- method -->
            </div> <!-- main-panel-content rounded-window-bottom -->
          </div> <!-- suite-Default_suite-class-failed -->
          <div class="suite-Default_suite-class-failed">
            <div class="main-panel-header rounded-window-top">
              <img src="failed.png"/>
              <span class="class-name">aegis.TestScripts.create_new_survey_in_employee_survey_Tests</span>
            </div> <!-- main-panel-header rounded-window-top -->
            <div class="main-panel-content rounded-window-bottom">
              <div class="method">
                <div class="method-content">
                  <a name="createNewSurvey">
                  </a> <!-- createNewSurvey -->
                  <span class="method-name">createNewSurvey</span>
                  <div class="stack-trace">org.openqa.selenium.NoSuchElementException: no such element: Unable to locate element: {&quot;method&quot;:&quot;xpath&quot;,&quot;selector&quot;:&quot;//button[text()=&apos;Go To Organisation&apos;]&quot;}
  (Session info: chrome=127.0.6533.90)
For documentation on this error, please visit: https://www.selenium.dev/documentation/webdriver/troubleshooting/errors#no-such-element-exception
Build info: version: &apos;4.23.0&apos;, revision: &apos;4df0a231af&apos;
System info: os.name: &apos;Windows 10&apos;, os.arch: &apos;amd64&apos;, os.version: &apos;10.0&apos;, java.version: &apos;17.0.12&apos;
Driver info: org.openqa.selenium.chrome.ChromeDriver
Command: [1dbab983429de9b0892545bf3bffea1c, findElement {using=xpath, value=//button[text()=&apos;Go To Organisation&apos;]}]
Capabilities {acceptInsecureCerts: false, browserName: chrome, browserVersion: 127.0.6533.90, chrome: {chromedriverVersion: 127.0.6533.99 (f31af5097d90..., userDataDir: C:\Users\Yashsh\AppData\Loc...}, fedcm:accounts: true, goog:chromeOptions: {debuggerAddress: localhost:63667}, networkConnectionEnabled: false, pageLoadStrategy: normal, platformName: windows, proxy: Proxy(), se:cdp: ws://localhost:63667/devtoo..., se:cdpVersion: 127.0.6533.90, setWindowRect: true, strictFileInteractability: false, timeouts: {implicit: 0, pageLoad: 300000, script: 30000}, unhandledPromptBehavior: dismiss and notify, webauthn:extension:credBlob: true, webauthn:extension:largeBlob: true, webauthn:extension:minPinLength: true, webauthn:extension:prf: true, webauthn:virtualAuthenticators: true}
Session ID: 1dbab983429de9b0892545bf3bffea1c
	at java.base/jdk.internal.reflect.NativeConstructorAccessorImpl.newInstance0(Native Method)
	at java.base/jdk.internal.reflect.NativeConstructorAccessorImpl.newInstance(NativeConstructorAccessorImpl.java:77)
	at java.base/jdk.internal.reflect.DelegatingConstructorAccessorImpl.newInstance(DelegatingConstructorAccessorImpl.java:45)
	at java.base/java.lang.reflect.Constructor.newInstanceWithCaller(Constructor.java:499)
	at java.base/java.lang.reflect.Constructor.newInstance(Constructor.java:480)
	at org.openqa.selenium.remote.ErrorCodec.decode(ErrorCodec.java:167)
	at org.openqa.selenium.remote.codec.w3c.W3CHttpResponseCodec.decode(W3CHttpResponseCodec.java:138)
	at org.openqa.selenium.remote.codec.w3c.W3CHttpResponseCodec.decode(W3CHttpResponseCodec.java:50)
	at org.openqa.selenium.remote.HttpCommandExecutor.execute(HttpCommandExecutor.java:190)
	at org.openqa.selenium.remote.service.DriverCommandExecutor.invokeExecute(DriverCommandExecutor.java:216)
	at org.openqa.selenium.remote.service.DriverCommandExecutor.execute(DriverCommandExecutor.java:174)
	at org.openqa.selenium.remote.RemoteWebDriver.execute(RemoteWebDriver.java:527)
	at org.openqa.selenium.remote.ElementLocation$ElementFinder$2.findElement(ElementLocation.java:165)
	at org.openqa.selenium.remote.ElementLocation.findElement(ElementLocation.java:59)
	at org.openqa.selenium.remote.RemoteWebDriver.findElement(RemoteWebDriver.java:357)
	at org.openqa.selenium.remote.RemoteWebDriver.findElement(RemoteWebDriver.java:351)
	at org.openqa.selenium.support.pagefactory.DefaultElementLocator.findElement(DefaultElementLocator.java:68)
	at org.openqa.selenium.support.pagefactory.internal.LocatingElementHandler.invoke(LocatingElementHandler.java:38)
	at jdk.proxy2/jdk.proxy2.$Proxy20.click(Unknown Source)
	at aegis.TestScripts.create_new_survey_in_employee_survey_Tests.createNewSurvey(create_new_survey_in_employee_survey_Tests.java:28)
	at java.base/jdk.internal.reflect.NativeMethodAccessorImpl.invoke0(Native Method)
	at java.base/jdk.internal.reflect.NativeMethodAccessorImpl.invoke(NativeMethodAccessorImpl.java:77)
	at java.base/jdk.internal.reflect.DelegatingMethodAccessorImpl.invoke(DelegatingMethodAccessorImpl.java:43)
	at java.base/java.lang.reflect.Method.invoke(Method.java:568)
	at org.testng.internal.invokers.MethodInvocationHelper.invokeMethod(MethodInvocationHelper.java:141)
	at org.testng.internal.invokers.TestInvoker.invokeMethod(TestInvoker.java:686)
	at org.testng.internal.invokers.TestInvoker.invokeTestMethod(TestInvoker.java:230)
	at org.testng.internal.invokers.MethodRunner.runInSequence(MethodRunner.java:63)
	at org.testng.internal.invokers.TestInvoker$MethodInvocationAgent.invoke(TestInvoker.java:992)
	at org.testng.internal.invokers.TestInvoker.invokeTestMethods(TestInvoker.java:203)
	at org.testng.internal.invokers.TestMethodWorker.invokeTestMethods(TestMethodWorker.java:154)
	at org.testng.internal.invokers.TestMethodWorker.run(TestMethodWorker.java:134)
	at java.base/java.util.ArrayList.forEach(ArrayList.java:1511)
	at org.testng.TestRunner.privateRun(TestRunner.java:739)
	at org.testng.TestRunner.run(TestRunner.java:614)
	at org.testng.SuiteRunner.runTest(SuiteRunner.java:421)
	at org.testng.SuiteRunner.runSequentially(SuiteRunner.java:413)
	at org.testng.SuiteRunner.privateRun(SuiteRunner.java:373)
	at org.testng.SuiteRunner.run(SuiteRunner.java:312)
	at org.testng.SuiteRunnerWorker.runSuite(SuiteRunnerWorker.java:52)
	at org.testng.SuiteRunnerWorker.run(SuiteRunnerWorker.java:95)
	at org.testng.TestNG.runSuitesSequentially(TestNG.java:1274)
	at org.testng.TestNG.runSuitesLocally(TestNG.java:1208)
	at org.testng.TestNG.runSuites(TestNG.java:1112)
	at org.testng.TestNG.run(TestNG.java:1079)
	at org.testng.remote.AbstractRemoteTestNG.run(AbstractRemoteTestNG.java:115)
	at org.testng.remote.RemoteTestNG.initAndRun(RemoteTestNG.java:293)
	at org.testng.remote.RemoteTestNG.main(RemoteTestNG.java:91)

</div> <!-- stack-trace -->
                </div> <!-- method-content -->
              </div> <!-- method -->
            </div> <!-- main-panel-content rounded-window-bottom -->
          </div> <!-- suite-Default_suite-class-failed -->
          <div class="suite-Default_suite-class-failed">
            <div class="main-panel-header rounded-window-top">
              <img src="failed.png"/>
              <span class="class-name">aegis.TestScripts.creates_salary_management_submit_salary_management_Tests</span>
            </div> <!-- main-panel-header rounded-window-top -->
            <div class="main-panel-content rounded-window-bottom">
              <div class="method">
                <div class="method-content">
                  <a name="salaryManagement">
                  </a> <!-- salaryManagement -->
                  <span class="method-name">salaryManagement</span>
                  <div class="stack-trace">org.openqa.selenium.NoSuchElementException: no such element: Unable to locate element: {&quot;method&quot;:&quot;xpath&quot;,&quot;selector&quot;:&quot;//button[text()=&apos;Go To Organisation&apos;]&quot;}
  (Session info: chrome=127.0.6533.90)
For documentation on this error, please visit: https://www.selenium.dev/documentation/webdriver/troubleshooting/errors#no-such-element-exception
Build info: version: &apos;4.23.0&apos;, revision: &apos;4df0a231af&apos;
System info: os.name: &apos;Windows 10&apos;, os.arch: &apos;amd64&apos;, os.version: &apos;10.0&apos;, java.version: &apos;17.0.12&apos;
Driver info: org.openqa.selenium.chrome.ChromeDriver
Command: [045c471ac4eefa9bf7ec235bd5914823, findElement {using=xpath, value=//button[text()=&apos;Go To Organisation&apos;]}]
Capabilities {acceptInsecureCerts: false, browserName: chrome, browserVersion: 127.0.6533.90, chrome: {chromedriverVersion: 127.0.6533.99 (f31af5097d90..., userDataDir: C:\Users\Yashsh\AppData\Loc...}, fedcm:accounts: true, goog:chromeOptions: {debuggerAddress: localhost:63581}, networkConnectionEnabled: false, pageLoadStrategy: normal, platformName: windows, proxy: Proxy(), se:cdp: ws://localhost:63581/devtoo..., se:cdpVersion: 127.0.6533.90, setWindowRect: true, strictFileInteractability: false, timeouts: {implicit: 0, pageLoad: 300000, script: 30000}, unhandledPromptBehavior: dismiss and notify, webauthn:extension:credBlob: true, webauthn:extension:largeBlob: true, webauthn:extension:minPinLength: true, webauthn:extension:prf: true, webauthn:virtualAuthenticators: true}
Session ID: 045c471ac4eefa9bf7ec235bd5914823
	at java.base/jdk.internal.reflect.NativeConstructorAccessorImpl.newInstance0(Native Method)
	at java.base/jdk.internal.reflect.NativeConstructorAccessorImpl.newInstance(NativeConstructorAccessorImpl.java:77)
	at java.base/jdk.internal.reflect.DelegatingConstructorAccessorImpl.newInstance(DelegatingConstructorAccessorImpl.java:45)
	at java.base/java.lang.reflect.Constructor.newInstanceWithCaller(Constructor.java:499)
	at java.base/java.lang.reflect.Constructor.newInstance(Constructor.java:480)
	at org.openqa.selenium.remote.ErrorCodec.decode(ErrorCodec.java:167)
	at org.openqa.selenium.remote.codec.w3c.W3CHttpResponseCodec.decode(W3CHttpResponseCodec.java:138)
	at org.openqa.selenium.remote.codec.w3c.W3CHttpResponseCodec.decode(W3CHttpResponseCodec.java:50)
	at org.openqa.selenium.remote.HttpCommandExecutor.execute(HttpCommandExecutor.java:190)
	at org.openqa.selenium.remote.service.DriverCommandExecutor.invokeExecute(DriverCommandExecutor.java:216)
	at org.openqa.selenium.remote.service.DriverCommandExecutor.execute(DriverCommandExecutor.java:174)
	at org.openqa.selenium.remote.RemoteWebDriver.execute(RemoteWebDriver.java:527)
	at org.openqa.selenium.remote.ElementLocation$ElementFinder$2.findElement(ElementLocation.java:165)
	at org.openqa.selenium.remote.ElementLocation.findElement(ElementLocation.java:59)
	at org.openqa.selenium.remote.RemoteWebDriver.findElement(RemoteWebDriver.java:357)
	at org.openqa.selenium.remote.RemoteWebDriver.findElement(RemoteWebDriver.java:351)
	at org.openqa.selenium.support.pagefactory.DefaultElementLocator.findElement(DefaultElementLocator.java:68)
	at org.openqa.selenium.support.pagefactory.internal.LocatingElementHandler.invoke(LocatingElementHandler.java:38)
	at jdk.proxy2/jdk.proxy2.$Proxy20.click(Unknown Source)
	at aegis.TestScripts.creates_salary_management_submit_salary_management_Tests.salaryManagement(creates_salary_management_submit_salary_management_Tests.java:34)
	at java.base/jdk.internal.reflect.NativeMethodAccessorImpl.invoke0(Native Method)
	at java.base/jdk.internal.reflect.NativeMethodAccessorImpl.invoke(NativeMethodAccessorImpl.java:77)
	at java.base/jdk.internal.reflect.DelegatingMethodAccessorImpl.invoke(DelegatingMethodAccessorImpl.java:43)
	at java.base/java.lang.reflect.Method.invoke(Method.java:568)
	at org.testng.internal.invokers.MethodInvocationHelper.invokeMethod(MethodInvocationHelper.java:141)
	at org.testng.internal.invokers.TestInvoker.invokeMethod(TestInvoker.java:686)
	at org.testng.internal.invokers.TestInvoker.invokeTestMethod(TestInvoker.java:230)
	at org.testng.internal.invokers.MethodRunner.runInSequence(MethodRunner.java:63)
	at org.testng.internal.invokers.TestInvoker$MethodInvocationAgent.invoke(TestInvoker.java:992)
	at org.testng.internal.invokers.TestInvoker.invokeTestMethods(TestInvoker.java:203)
	at org.testng.internal.invokers.TestMethodWorker.invokeTestMethods(TestMethodWorker.java:154)
	at org.testng.internal.invokers.TestMethodWorker.run(TestMethodWorker.java:134)
	at java.base/java.util.ArrayList.forEach(ArrayList.java:1511)
	at org.testng.TestRunner.privateRun(TestRunner.java:739)
	at org.testng.TestRunner.run(TestRunner.java:614)
	at org.testng.SuiteRunner.runTest(SuiteRunner.java:421)
	at org.testng.SuiteRunner.runSequentially(SuiteRunner.java:413)
	at org.testng.SuiteRunner.privateRun(SuiteRunner.java:373)
	at org.testng.SuiteRunner.run(SuiteRunner.java:312)
	at org.testng.SuiteRunnerWorker.runSuite(SuiteRunnerWorker.java:52)
	at org.testng.SuiteRunnerWorker.run(SuiteRunnerWorker.java:95)
	at org.testng.TestNG.runSuitesSequentially(TestNG.java:1274)
	at org.testng.TestNG.runSuitesLocally(TestNG.java:1208)
	at org.testng.TestNG.runSuites(TestNG.java:1112)
	at org.testng.TestNG.run(TestNG.java:1079)
	at org.testng.remote.AbstractRemoteTestNG.run(AbstractRemoteTestNG.java:115)
	at org.testng.remote.RemoteTestNG.initAndRun(RemoteTestNG.java:293)
	at org.testng.remote.RemoteTestNG.main(RemoteTestNG.java:91)

</div> <!-- stack-trace -->
                </div> <!-- method-content -->
              </div> <!-- method -->
            </div> <!-- main-panel-content rounded-window-bottom -->
          </div> <!-- suite-Default_suite-class-failed -->
          <div class="suite-Default_suite-class-passed">
            <div class="main-panel-header rounded-window-top">
              <img src="passed.png"/>
              <span class="class-name">aegis.TestScripts.user_login_logout_Tests</span>
            </div> <!-- main-panel-header rounded-window-top -->
            <div class="main-panel-content rounded-window-bottom">
              <div class="method">
                <div class="method-content">
                  <a name="loginAndLogout">
                  </a> <!-- loginAndLogout -->
                  <span class="method-name">loginAndLogout</span>
                </div> <!-- method-content -->
              </div> <!-- method -->
            </div> <!-- main-panel-content rounded-window-bottom -->
          </div> <!-- suite-Default_suite-class-passed -->
        </div> <!-- panel Default_suite -->
        <div panel-name="test-xml-Default_suite" class="panel">
          <div class="main-panel-header rounded-window-top">
            <span class="header-content">C:\Users\Yashsh\AppData\Local\Temp\testng-eclipse--164872617\testng-customsuite.xml</span>
          </div> <!-- main-panel-header rounded-window-top -->
          <div class="main-panel-content rounded-window-bottom">
            <pre>
&lt;?xml version=&quot;1.0&quot; encoding=&quot;UTF-8&quot;?&gt;
&lt;!DOCTYPE suite SYSTEM &quot;https://testng.org/testng-1.0.dtd&quot;&gt;
&lt;suite name=&quot;Default suite&quot; guice-stage=&quot;DEVELOPMENT&quot;&gt;
  &lt;test thread-count=&quot;5&quot; name=&quot;Default test&quot; verbose=&quot;2&quot;&gt;
    &lt;classes&gt;
      &lt;class name=&quot;aegis.pomClass.employeeOnboardingPage&quot;/&gt;
      &lt;class name=&quot;aegis.TestScripts.machine_punching_and_punch_sync_Tests&quot;/&gt;
      &lt;class name=&quot;aegis.TestScripts.user_login_logout_Tests&quot;/&gt;
      &lt;class name=&quot;aegis.GenericUtility.frameworkConstants&quot;/&gt;
      &lt;class name=&quot;aegis.pomClass.employeesPunchSyncPage&quot;/&gt;
      &lt;class name=&quot;aegis.GenericUtility.javaUtility&quot;/&gt;
      &lt;class name=&quot;aegis.pomClass.homePage&quot;/&gt;
      &lt;class name=&quot;aegis.pomClass.signInPage&quot;/&gt;
      &lt;class name=&quot;aegis.TestScripts.empoyee_onboarding_in_employee_Tests&quot;/&gt;
      &lt;class name=&quot;aegis.TestScripts.edit_organisation_from_organisation_list_Tests&quot;/&gt;
      &lt;class name=&quot;aegis.pomClass.shiftNotificationPage&quot;/&gt;
      &lt;class name=&quot;aegis.TestScripts.creates_salary_management_submit_salary_management_Tests&quot;/&gt;
      &lt;class name=&quot;aegis.GenericUtility.webdriverUtility&quot;/&gt;
      &lt;class name=&quot;aegis.TestScripts.viewing_shift_request_from_employee_Tests&quot;/&gt;
      &lt;class name=&quot;aegis.pomClass.organisationListPage&quot;/&gt;
      &lt;class name=&quot;aegis.TestScripts.add_department_in_departmentList_Tests&quot;/&gt;
      &lt;class name=&quot;aegis.GenericUtility.baseTest&quot;/&gt;
      &lt;class name=&quot;aegis.pomClass.employeeOffboardingPage&quot;/&gt;
      &lt;class name=&quot;aegis.GenericUtility.fileUtility&quot;/&gt;
      &lt;class name=&quot;aegis.pomClass.employeeSurveyPage&quot;/&gt;
      &lt;class name=&quot;aegis.pomClass.notificationPage&quot;/&gt;
      &lt;class name=&quot;aegis.TestScripts.create_new_survey_in_employee_survey_Tests&quot;/&gt;
      &lt;class name=&quot;aegis.pomClass.salaryManagementPage&quot;/&gt;
      &lt;class name=&quot;aegis.TestScripts.employee_onboarding_through_excel_Tests&quot;/&gt;
      &lt;class name=&quot;aegis.TestScripts.add_shift_management_employee_profile_Tests&quot;/&gt;
      &lt;class name=&quot;aegis.TestScripts.creating_new_organisation_with_basic_package_Tests&quot;/&gt;
      &lt;class name=&quot;aegis.pomClass.addOrganisationPage&quot;/&gt;
      &lt;class name=&quot;aegis.pomClass.shiftManagementPage&quot;/&gt;
      &lt;class name=&quot;aegis.TestScripts.employee_offboarding_in_employee_Tests&quot;/&gt;
      &lt;class name=&quot;aegis.pomClass.createNewSurveyPage&quot;/&gt;
      &lt;class name=&quot;aegis.pomClass.addDepartmentPage&quot;/&gt;
      &lt;class name=&quot;aegis.pomClass.setupPage&quot;/&gt;
      &lt;class name=&quot;aegis.GenericUtility.listners&quot;/&gt;
    &lt;/classes&gt;
  &lt;/test&gt; &lt;!-- Default test --&gt;
&lt;/suite&gt; &lt;!-- Default suite --&gt;
            </pre>
          </div> <!-- main-panel-content rounded-window-bottom -->
        </div> <!-- panel -->
        <div panel-name="testlist-Default_suite" class="panel">
          <div class="main-panel-header rounded-window-top">
            <span class="header-content">Tests for Default suite</span>
          </div> <!-- main-panel-header rounded-window-top -->
          <div class="main-panel-content rounded-window-bottom">
            <ul>
              <li>
                <span class="test-name">Default test (33 classes)</span>
              </li>
            </ul>
          </div> <!-- main-panel-content rounded-window-bottom -->
        </div> <!-- panel -->
        <div panel-name="group-Default_suite" class="panel">
          <div class="main-panel-header rounded-window-top">
            <span class="header-content">Groups for Default suite</span>
          </div> <!-- main-panel-header rounded-window-top -->
          <div class="main-panel-content rounded-window-bottom">
          </div> <!-- main-panel-content rounded-window-bottom -->
        </div> <!-- panel -->
        <div panel-name="times-Default_suite" class="panel">
          <div class="main-panel-header rounded-window-top">
            <span class="header-content">Times for Default suite</span>
          </div> <!-- main-panel-header rounded-window-top -->
          <div class="main-panel-content rounded-window-bottom">
            <div class="times-div">
              <script type="text/javascript">
suiteTableInitFunctions.push('tableData_Default_suite');
function tableData_Default_suite() {
var data = new google.visualization.DataTable();
data.addColumn('number', 'Number');
data.addColumn('string', 'Method');
data.addColumn('string', 'Class');
data.addColumn('number', 'Time (ms)');
data.addRows(5);
data.setCell(0, 0, 0)
data.setCell(0, 1, 'addOrganisation')
data.setCell(0, 2, 'aegis.TestScripts.creating_new_organisation_with_basic_package_Tests')
data.setCell(0, 3, 28190);
data.setCell(1, 0, 1)
data.setCell(1, 1, 'editOrganisationDetails')
data.setCell(1, 2, 'aegis.TestScripts.edit_organisation_from_organisation_list_Tests')
data.setCell(1, 3, 15095);
data.setCell(2, 0, 2)
data.setCell(2, 1, 'createNewSurvey')
data.setCell(2, 2, 'aegis.TestScripts.create_new_survey_in_employee_survey_Tests')
data.setCell(2, 3, 15064);
data.setCell(3, 0, 3)
data.setCell(3, 1, 'salaryManagement')
data.setCell(3, 2, 'aegis.TestScripts.creates_salary_management_submit_salary_management_Tests')
data.setCell(3, 3, 15061);
data.setCell(4, 0, 4)
data.setCell(4, 1, 'loginAndLogout')
data.setCell(4, 2, 'aegis.TestScripts.user_login_logout_Tests')
data.setCell(4, 3, 8306);
window.suiteTableData['Default_suite']= { tableData: data, tableDiv: 'times-div-Default_suite'}
return data;
}
              </script>
              <span class="suite-total-time">Total running time: 1 minutes</span>
              <div id="times-div-Default_suite">
              </div> <!-- times-div-Default_suite -->
            </div> <!-- times-div -->
          </div> <!-- main-panel-content rounded-window-bottom -->
        </div> <!-- panel -->
        <div panel-name="reporter-Default_suite" class="panel">
          <div class="main-panel-header rounded-window-top">
            <span class="header-content">Reporter output for Default suite</span>
          </div> <!-- main-panel-header rounded-window-top -->
          <div class="main-panel-content rounded-window-bottom">
          </div> <!-- main-panel-content rounded-window-bottom -->
        </div> <!-- panel -->
        <div panel-name="ignored-methods-Default_suite" class="panel">
          <div class="main-panel-header rounded-window-top">
            <span class="header-content">59 ignored methods</span>
          </div> <!-- main-panel-header rounded-window-top -->
          <div class="main-panel-content rounded-window-bottom">
            <div class="ignored-class-div">
              <span class="ignored-class-name">aegis.TestScripts.employee_offboarding_in_employee_Tests</span>
              <div class="ignored-methods-div">
                <span class="ignored-method-name">BeforeTest</span>
                <br/>
                <span class="ignored-method-name">offboarding</span>
                <br/>
                <span class="ignored-method-name">AfterSuite</span>
                <br/>
                <span class="ignored-method-name">BeforSuite</span>
                <br/>
                <span class="ignored-method-name">AfterTest</span>
                <br/>
              </div> <!-- ignored-methods-div -->
            </div> <!-- ignored-class-div -->
            <div class="ignored-class-div">
              <span class="ignored-class-name">aegis.TestScripts.viewing_shift_request_from_employee_Tests</span>
              <div class="ignored-methods-div">
                <span class="ignored-method-name">AfterSuite</span>
                <br/>
                <span class="ignored-method-name">BeforeTest</span>
                <br/>
                <span class="ignored-method-name">viewNotificationOfShiftManagement</span>
                <br/>
                <span class="ignored-method-name">AfterTest</span>
                <br/>
                <span class="ignored-method-name">BeforSuite</span>
                <br/>
              </div> <!-- ignored-methods-div -->
            </div> <!-- ignored-class-div -->
            <div class="ignored-class-div">
              <span class="ignored-class-name">aegis.TestScripts.add_department_in_departmentList_Tests</span>
              <div class="ignored-methods-div">
                <span class="ignored-method-name">AfterTest</span>
                <br/>
                <span class="ignored-method-name">BeforSuite</span>
                <br/>
                <span class="ignored-method-name">BeforeTest</span>
                <br/>
                <span class="ignored-method-name">addDepartment</span>
                <br/>
                <span class="ignored-method-name">AfterSuite</span>
                <br/>
              </div> <!-- ignored-methods-div -->
            </div> <!-- ignored-class-div -->
            <div class="ignored-class-div">
              <span class="ignored-class-name">aegis.GenericUtility.baseTest</span>
              <div class="ignored-methods-div">
                <span class="ignored-method-name">BeforSuite</span>
                <br/>
                <span class="ignored-method-name">AfterSuite</span>
                <br/>
                <span class="ignored-method-name">AfterTest</span>
                <br/>
                <span class="ignored-method-name">BeforeTest</span>
                <br/>
              </div> <!-- ignored-methods-div -->
            </div> <!-- ignored-class-div -->
            <div class="ignored-class-div">
              <span class="ignored-class-name">aegis.TestScripts.edit_organisation_from_organisation_list_Tests</span>
              <div class="ignored-methods-div">
                <span class="ignored-method-name">BeforeTest</span>
                <br/>
                <span class="ignored-method-name">AfterTest</span>
                <br/>
                <span class="ignored-method-name">BeforSuite</span>
                <br/>
                <span class="ignored-method-name">AfterSuite</span>
                <br/>
              </div> <!-- ignored-methods-div -->
            </div> <!-- ignored-class-div -->
            <div class="ignored-class-div">
              <span class="ignored-class-name">aegis.TestScripts.employee_onboarding_through_excel_Tests</span>
              <div class="ignored-methods-div">
                <span class="ignored-method-name">BeforSuite</span>
                <br/>
                <span class="ignored-method-name">AfterSuite</span>
                <br/>
                <span class="ignored-method-name">BeforeTest</span>
                <br/>
                <span class="ignored-method-name">excelOnboarding</span>
                <br/>
                <span class="ignored-method-name">AfterTest</span>
                <br/>
              </div> <!-- ignored-methods-div -->
            </div> <!-- ignored-class-div -->
            <div class="ignored-class-div">
              <span class="ignored-class-name">aegis.TestScripts.create_new_survey_in_employee_survey_Tests</span>
              <div class="ignored-methods-div">
                <span class="ignored-method-name">AfterTest</span>
                <br/>
                <span class="ignored-method-name">BeforeTest</span>
                <br/>
                <span class="ignored-method-name">BeforSuite</span>
                <br/>
                <span class="ignored-method-name">AfterSuite</span>
                <br/>
              </div> <!-- ignored-methods-div -->
            </div> <!-- ignored-class-div -->
            <div class="ignored-class-div">
              <span class="ignored-class-name">aegis.TestScripts.creates_salary_management_submit_salary_management_Tests</span>
              <div class="ignored-methods-div">
                <span class="ignored-method-name">AfterTest</span>
                <br/>
                <span class="ignored-method-name">BeforSuite</span>
                <br/>
                <span class="ignored-method-name">BeforeTest</span>
                <br/>
                <span class="ignored-method-name">AfterSuite</span>
                <br/>
              </div> <!-- ignored-methods-div -->
            </div> <!-- ignored-class-div -->
            <div class="ignored-class-div">
              <span class="ignored-class-name">aegis.TestScripts.add_shift_management_employee_profile_Tests</span>
              <div class="ignored-methods-div">
                <span class="ignored-method-name">BeforeTest</span>
                <br/>
                <span class="ignored-method-name">AfterTest</span>
                <br/>
                <span class="ignored-method-name">addShiftManagement</span>
                <br/>
                <span class="ignored-method-name">AfterSuite</span>
                <br/>
                <span class="ignored-method-name">BeforSuite</span>
                <br/>
              </div> <!-- ignored-methods-div -->
            </div> <!-- ignored-class-div -->
            <div class="ignored-class-div">
              <span class="ignored-class-name">aegis.GenericUtility.listners</span>
              <div class="ignored-methods-div">
                <span class="ignored-method-name">BeforeTest</span>
                <br/>
                <span class="ignored-method-name">AfterTest</span>
                <br/>
                <span class="ignored-method-name">BeforSuite</span>
                <br/>
                <span class="ignored-method-name">AfterSuite</span>
                <br/>
              </div> <!-- ignored-methods-div -->
            </div> <!-- ignored-class-div -->
            <div class="ignored-class-div">
              <span class="ignored-class-name">aegis.TestScripts.machine_punching_and_punch_sync_Tests</span>
              <div class="ignored-methods-div">
                <span class="ignored-method-name">punchSync</span>
                <br/>
              </div> <!-- ignored-methods-div -->
            </div> <!-- ignored-class-div -->
            <div class="ignored-class-div">
              <span class="ignored-class-name">aegis.TestScripts.creating_new_organisation_with_basic_package_Tests</span>
              <div class="ignored-methods-div">
                <span class="ignored-method-name">AfterTest</span>
                <br/>
                <span class="ignored-method-name">BeforSuite</span>
                <br/>
                <span class="ignored-method-name">AfterSuite</span>
                <br/>
                <span class="ignored-method-name">BeforeTest</span>
                <br/>
              </div> <!-- ignored-methods-div -->
            </div> <!-- ignored-class-div -->
            <div class="ignored-class-div">
              <span class="ignored-class-name">aegis.TestScripts.empoyee_onboarding_in_employee_Tests</span>
              <div class="ignored-methods-div">
                <span class="ignored-method-name">AfterTest</span>
                <br/>
                <span class="ignored-method-name">BeforeTest</span>
                <br/>
                <span class="ignored-method-name">onBoarding</span>
                <br/>
                <span class="ignored-method-name">BeforSuite</span>
                <br/>
                <span class="ignored-method-name">AfterSuite</span>
                <br/>
              </div> <!-- ignored-methods-div -->
            </div> <!-- ignored-class-div -->
            <div class="ignored-class-div">
              <span class="ignored-class-name">aegis.TestScripts.user_login_logout_Tests</span>
              <div class="ignored-methods-div">
                <span class="ignored-method-name">AfterSuite</span>
                <br/>
                <span class="ignored-method-name">BeforeTest</span>
                <br/>
                <span class="ignored-method-name">AfterTest</span>
                <br/>
                <span class="ignored-method-name">BeforSuite</span>
                <br/>
              </div> <!-- ignored-methods-div -->
            </div> <!-- ignored-class-div -->
          </div> <!-- main-panel-content rounded-window-bottom -->
        </div> <!-- panel -->
        <div panel-name="chronological-Default_suite" class="panel">
          <div class="main-panel-header rounded-window-top">
            <span class="header-content">Methods in chronological order</span>
          </div> <!-- main-panel-header rounded-window-top -->
          <div class="main-panel-content rounded-window-bottom">
            <div class="chronological-class">
              <div class="chronological-class-name">aegis.TestScripts.machine_punching_and_punch_sync_Tests</div> <!-- chronological-class-name -->
              <div class="configuration-suite before">
                <span class="method-name">BeforSuite</span>
                <span class="method-start">0 ms</span>
              </div> <!-- configuration-suite before -->
              <div class="configuration-test before">
                <span class="method-name">BeforeTest</span>
                <span class="method-start">51 ms</span>
              </div> <!-- configuration-test before -->
            </div> <!-- chronological-class -->
            <div class="chronological-class">
              <div class="chronological-class-name">aegis.TestScripts.user_login_logout_Tests</div> <!-- chronological-class-name -->
              <div class="configuration-class before">
                <span class="method-name">BeforeClass</span>
                <span class="method-start">113 ms</span>
              </div> <!-- configuration-class before -->
              <div class="configuration-method before">
                <span class="method-name">BeforeMethod</span>
                <span class="method-start">100248 ms</span>
              </div> <!-- configuration-method before -->
              <div class="test-method">
                <span class="method-name">loginAndLogout</span>
                <span class="method-start">100250 ms</span>
              </div> <!-- test-method -->
              <div class="configuration-method after">
                <span class="method-name">AfterMethod</span>
                <span class="method-start">108575 ms</span>
              </div> <!-- configuration-method after -->
              <div class="configuration-class after">
                <span class="method-name">AfterClass</span>
                <span class="method-start">153849 ms</span>
              </div> <!-- configuration-class after -->
            </div> <!-- chronological-class -->
            <div class="chronological-class">
              <div class="chronological-class-name">aegis.TestScripts.edit_organisation_from_organisation_list_Tests</div> <!-- chronological-class-name -->
              <div class="configuration-class before">
                <span class="method-name">BeforeClass</span>
                <span class="method-start">157091 ms</span>
              </div> <!-- configuration-class before -->
              <div class="configuration-method before">
                <span class="method-name">BeforeMethod</span>
                <span class="method-start">222049 ms</span>
              </div> <!-- configuration-method before -->
              <div class="test-method">
                <img src="failed.png">
                </img>
                <span class="method-name">editOrganisationDetails</span>
                <span class="method-start">222050 ms</span>
              </div> <!-- test-method -->
              <div class="configuration-method after">
                <span class="method-name">AfterMethod</span>
                <span class="method-start">237323 ms</span>
              </div> <!-- configuration-method after -->
              <div class="configuration-class after">
                <span class="method-name">AfterClass</span>
                <span class="method-start">242101 ms</span>
              </div> <!-- configuration-class after -->
            </div> <!-- chronological-class -->
            <div class="chronological-class">
              <div class="chronological-class-name">aegis.TestScripts.creates_salary_management_submit_salary_management_Tests</div> <!-- chronological-class-name -->
              <div class="configuration-class before">
                <span class="method-name">BeforeClass</span>
                <span class="method-start">245278 ms</span>
              </div> <!-- configuration-class before -->
              <div class="configuration-method before">
                <span class="method-name">BeforeMethod</span>
                <span class="method-start">321616 ms</span>
              </div> <!-- configuration-method before -->
              <div class="test-method">
                <img src="failed.png">
                </img>
                <span class="method-name">salaryManagement</span>
                <span class="method-start">321617 ms</span>
              </div> <!-- test-method -->
              <div class="configuration-method after">
                <span class="method-name">AfterMethod</span>
                <span class="method-start">336890 ms</span>
              </div> <!-- configuration-method after -->
              <div class="configuration-class after">
                <span class="method-name">AfterClass</span>
                <span class="method-start">343842 ms</span>
              </div> <!-- configuration-class after -->
            </div> <!-- chronological-class -->
            <div class="chronological-class">
              <div class="chronological-class-name">aegis.TestScripts.create_new_survey_in_employee_survey_Tests</div> <!-- chronological-class-name -->
              <div class="configuration-class before">
                <span class="method-name">BeforeClass</span>
                <span class="method-start">347041 ms</span>
              </div> <!-- configuration-class before -->
              <div class="configuration-method before">
                <span class="method-name">BeforeMethod</span>
                <span class="method-start">413618 ms</span>
              </div> <!-- configuration-method before -->
              <div class="test-method">
                <img src="failed.png">
                </img>
                <span class="method-name">createNewSurvey</span>
                <span class="method-start">413619 ms</span>
              </div> <!-- test-method -->
              <div class="configuration-method after">
                <span class="method-name">AfterMethod</span>
                <span class="method-start">429020 ms</span>
              </div> <!-- configuration-method after -->
              <div class="configuration-class after">
                <span class="method-name">AfterClass</span>
                <span class="method-start">432199 ms</span>
              </div> <!-- configuration-class after -->
            </div> <!-- chronological-class -->
            <div class="chronological-class">
              <div class="chronological-class-name">aegis.TestScripts.creating_new_organisation_with_basic_package_Tests</div> <!-- chronological-class-name -->
              <div class="configuration-class before">
                <span class="method-name">BeforeClass</span>
                <span class="method-start">435382 ms</span>
              </div> <!-- configuration-class before -->
              <div class="configuration-method before">
                <span class="method-name">BeforeMethod</span>
                <span class="method-start">483864 ms</span>
              </div> <!-- configuration-method before -->
              <div class="test-method">
                <img src="failed.png">
                </img>
                <span class="method-name">addOrganisation</span>
                <span class="method-start">483865 ms</span>
              </div> <!-- test-method -->
              <div class="configuration-method after">
                <span class="method-name">AfterMethod</span>
                <span class="method-start">512239 ms</span>
              </div> <!-- configuration-method after -->
              <div class="configuration-class after">
                <span class="method-name">AfterClass</span>
                <span class="method-start">515618 ms</span>
              </div> <!-- configuration-class after -->
            </div> <!-- chronological-class -->
            <div class="chronological-class">
              <div class="chronological-class-name">aegis.TestScripts.machine_punching_and_punch_sync_Tests</div> <!-- chronological-class-name -->
              <div class="configuration-test after">
                <span class="method-name">AfterTest</span>
                <span class="method-start">518842 ms</span>
              </div> <!-- configuration-test after -->
              <div class="configuration-suite after">
                <span class="method-name">AfterSuite</span>
                <span class="method-start">519046 ms</span>
              </div> <!-- configuration-suite after -->
          </div> <!-- main-panel-content rounded-window-bottom -->
        </div> <!-- panel -->
      </div> <!-- main-panel-root -->
    </div> <!-- wrapper -->
  </body>
<script type="text/javascript" src="testng-reports2.js"></script>
</html>
